2025-06-22 23:45:53,196 - __main__ - INFO - Processing source: wikipedia
2025-06-22 23:45:53,196 - __main__ - INFO - Items to process: 18
2025-06-22 23:45:53,196 - __main__ - INFO - Categories to process: 0
2025-06-22 23:46:24,254 - __main__ - INFO - ✓ Successfully scraped: Gödel's incompleteness theorems with 1 relationships.
2025-06-22 23:46:29,932 - __main__ - INFO - Found valid relationship: 'Fermat's Last Theorem' -> 'Ribet's Theorem' (proves) in paragraph.
2025-06-22 23:46:30,699 - __main__ - INFO - Found valid relationship: 'Fermat's Last Theorem' -> 'Ribet's theorem' (proves) in paragraph.
2025-06-22 23:46:33,341 - __main__ - INFO - Found valid relationship: 'Fermat's Last Theorem' -> 'Fermat's right triangle theorem' (uses) in paragraph.
2025-06-22 23:46:41,971 - __main__ - INFO - Found valid relationship: 'Fermat's Last Theorem' -> 'Modularity theorem' (proves) in paragraph.
2025-06-22 23:46:42,447 - __main__ - INFO - Found valid relationship: 'Fermat's Last Theorem' -> 'Modularity theorem' (proves) in paragraph.
2025-06-22 23:46:43,514 - __main__ - INFO - Found valid relationship: 'Fermat's Last Theorem' -> 'Ribet's theorem' (proves) in paragraph.
2025-06-22 23:46:43,906 - __main__ - INFO - Found valid relationship: 'Fermat's Last Theorem' -> 'Epsilon conjecture' (proves) in paragraph.
2025-06-22 23:46:43,907 - __main__ - INFO - Found valid relationship: 'Fermat's Last Theorem' -> 'Modularity theorem' (proves) in paragraph.
2025-06-22 23:46:47,433 - __main__ - INFO - Found valid relationship: 'Fermat's Last Theorem' -> 'Catalan conjecture' (generalizes) in paragraph.
2025-06-22 23:46:52,621 - __main__ - INFO - ✓ Successfully scraped: Fermat's Last Theorem with 10 relationships.
2025-06-22 23:47:18,383 - __main__ - INFO - ✓ Successfully scraped: Axiom of choice with 0 relationships.
2025-06-22 23:47:42,029 - __main__ - INFO - ✓ Successfully scraped: Pythagorean theorem with 0 relationships.
2025-06-22 23:47:46,104 - __main__ - INFO - Found valid relationship: 'Fundamental theorem of arithmetic' -> 'Fermat's Last Theorem' (proves) in paragraph.
2025-06-22 23:47:50,196 - __main__ - INFO - ✓ Successfully scraped: Fundamental theorem of arithmetic with 1 relationships.
2025-06-22 23:48:02,777 - __main__ - INFO - ✓ Successfully scraped: Continuum hypothesis with 0 relationships.
2025-06-22 23:48:50,324 - __main__ - INFO - ✓ Successfully scraped: Riemann hypothesis with 0 relationships.
2025-06-22 23:48:56,474 - __main__ - INFO - ✓ Successfully scraped: Twin prime with 0 relationships.
2025-06-22 23:49:03,404 - __main__ - INFO - ✓ Successfully scraped: Goldbach's conjecture with 0 relationships.
2025-06-22 23:49:14,532 - __main__ - INFO - ✓ Successfully scraped: Collatz conjecture with 0 relationships.
2025-06-22 23:49:18,188 - __main__ - INFO - ✓ Successfully scraped: Zorn's lemma with 0 relationships.
2025-06-22 23:49:18,407 - __main__ - WARNING - Direct URL for 'Well-Ordering Theorem' failed with status 404. Falling back to search.
2025-06-22 23:49:18,438 - __main__ - INFO - Found 'Well-Ordering Theorem' via search at: https://en.wikipedia.org/wiki/Well-ordering_theorem
2025-06-22 23:49:21,815 - __main__ - INFO - ✓ Successfully scraped: Well-ordering theorem with 0 relationships.
2025-06-22 23:49:22,034 - __main__ - WARNING - Direct URL for 'Compactness Theorem' failed with status 404. Falling back to search.
2025-06-22 23:49:22,069 - __main__ - INFO - Found 'Compactness Theorem' via search at: https://en.wikipedia.org/wiki/Compactness_theorem
2025-06-22 23:49:24,502 - __main__ - INFO - ✓ Successfully scraped: Compactness theorem with 0 relationships.
2025-06-22 23:49:24,719 - __main__ - WARNING - Direct URL for 'Löwenheim–Skolem Theorem' failed with status 404. Falling back to search.
2025-06-22 23:49:24,753 - __main__ - INFO - Found 'Löwenheim–Skolem Theorem' via search at: https://en.wikipedia.org/wiki/L%C3%B6wenheim%E2%80%93Skolem_theorem
2025-06-22 23:49:28,047 - __main__ - INFO - ✓ Successfully scraped: Löwenheim–Skolem theorem with 0 relationships.
2025-06-22 23:49:28,265 - __main__ - WARNING - Direct URL for 'Completeness Theorem' failed with status 404. Falling back to search.
2025-06-22 23:49:28,297 - __main__ - INFO - Found 'Completeness Theorem' via search at: https://en.wikipedia.org/wiki/Completeness_theorem
2025-06-22 23:49:32,611 - __main__ - INFO - ✓ Successfully scraped: Gödel's completeness theorem with 0 relationships.
2025-06-22 23:49:42,640 - __main__ - INFO - ✓ Successfully scraped: Halting problem with 0 relationships.
2025-06-22 23:49:45,265 - __main__ - INFO - ✓ Successfully scraped: Church–Turing thesis with 0 relationships.
2025-06-22 23:49:56,131 - __main__ - INFO - ✓ Successfully scraped: Prime number theorem with 0 relationships.
2025-06-22 23:49:56,235 - __main__ - INFO - Results saved to: entailment_output/scraped_data\improved_scraping_results_20250622_234956.json
