2025-06-09 13:29:00,203 - numexpr.utils - INFO - Note: NumExpr detected 16 cores but "NUMEXPR_MAX_THREADS" not set, so enforcing safe limit of 8.
2025-06-09 13:29:00,204 - numexpr.utils - INFO - NumExpr defaulting to 8 threads.
2025-06-09 13:29:01,940 - __main__ - INFO - Loaded configuration from: scraping_config_test.json
2025-06-09 13:29:01,941 - __main__ - INFO - Processing source: wikipedia
2025-06-09 13:29:01,941 - __main__ - INFO - Items to process: 5
2025-06-09 13:29:01,941 - __main__ - INFO - Categories to process: 0
2025-06-09 13:29:03,533 - __main__ - INFO - ✓ Successfully scraped: Fundamental Theorem of Arithmetic
2025-06-09 13:29:06,019 - __main__ - INFO - ✓ Successfully scraped: Fundamental Theorem of Arithmetic
2025-06-09 13:29:08,932 - __main__ - INFO - ✓ Successfully scraped: Fundamental Theorem of Algebra
2025-06-09 13:29:13,695 - __main__ - INFO - ✓ Successfully scraped: Fermat's Last Theorem
2025-06-09 13:29:16,594 - __main__ - INFO - ✓ Successfully scraped: Fundamental Theorem of Algebra
2025-06-09 13:29:19,182 - __main__ - INFO - ✓ Successfully scraped: Fundamental Theorem of Arithmetic
2025-06-09 13:29:21,958 - __main__ - INFO - ✓ Successfully scraped: Fundamental Theorem of Algebra
2025-06-09 13:29:26,846 - __main__ - INFO - ✓ Successfully scraped: Fermat's Last Theorem
2025-06-09 13:29:29,659 - __main__ - INFO - ✓ Successfully scraped: Fundamental Theorem of Arithmetic
2025-06-09 13:29:32,423 - __main__ - INFO - ✓ Successfully scraped: Fundamental Theorem of Algebra
2025-06-09 13:29:37,342 - __main__ - INFO - ✓ Successfully scraped: Fermat's Last Theorem
2025-06-09 13:29:40,562 - __main__ - INFO - ✓ Successfully scraped: Fundamental Theorem of Arithmetic
2025-06-09 13:29:43,330 - __main__ - INFO - ✓ Successfully scraped: Fundamental Theorem of Algebra
2025-06-09 13:29:48,187 - __main__ - INFO - ✓ Successfully scraped: Fermat's Last Theorem
2025-06-09 13:29:51,989 - __main__ - INFO - ✓ Successfully scraped: Fermat's Last Theorem
2025-06-09 13:29:54,354 - __main__ - INFO - ✓ Successfully scraped: Fundamental Theorem of Arithmetic
2025-06-09 13:29:57,333 - __main__ - INFO - ✓ Successfully scraped: Fundamental Theorem of Algebra
2025-06-09 13:30:02,068 - __main__ - INFO - ✓ Successfully scraped: Fermat's Last Theorem
2025-06-09 13:30:04,170 - __main__ - INFO - Processing source: nlab
2025-06-09 13:30:04,170 - __main__ - INFO - Items to process: 3
2025-06-09 13:30:04,171 - __main__ - INFO - Categories to process: 2
2025-06-09 13:30:05,701 - __main__ - INFO - ✓ Successfully scraped: yoneda lemma
2025-06-09 13:30:08,598 - __main__ - INFO - ✓ Successfully scraped: theorems
2025-06-09 13:30:11,151 - __main__ - INFO - ✓ Successfully scraped: theorem
2025-06-09 13:30:14,815 - __main__ - INFO - ✓ Successfully scraped: adjoint functor theorems
2025-06-09 13:30:17,715 - __main__ - INFO - ✓ Successfully scraped: theorems
2025-06-09 13:30:20,736 - __main__ - INFO - ✓ Successfully scraped: theorem
2025-06-09 13:30:24,331 - mathlogic.data.sources.nlab_source - WARNING - Request failed (attempt 1/3): 404 Not Found for url: https://ncatlab.org/nlab/show/stone+duality
2025-06-09 13:30:25,380 - mathlogic.data.sources.nlab_source - WARNING - Request failed (attempt 2/3): 404 Not Found for url: https://ncatlab.org/nlab/show/stone+duality
2025-06-09 13:30:27,496 - mathlogic.data.sources.nlab_source - WARNING - Request failed (attempt 1/3): 404 Not Found for url: https://ncatlab.org/nlab/show/stone+duality
2025-06-09 13:30:28,548 - mathlogic.data.sources.nlab_source - WARNING - Request failed (attempt 2/3): 404 Not Found for url: https://ncatlab.org/nlab/show/stone+duality
2025-06-09 13:30:30,668 - mathlogic.data.sources.nlab_source - WARNING - Request failed (attempt 1/3): 404 Not Found for url: https://ncatlab.org/nlab/show/stone_duality
2025-06-09 13:30:31,718 - mathlogic.data.sources.nlab_source - WARNING - Request failed (attempt 2/3): 404 Not Found for url: https://ncatlab.org/nlab/show/stone_duality
2025-06-09 13:30:33,828 - mathlogic.data.sources.nlab_source - WARNING - Request failed (attempt 1/3): 404 Not Found for url: https://ncatlab.org/nlab/show/stone_duality
2025-06-09 13:30:34,874 - mathlogic.data.sources.nlab_source - WARNING - Request failed (attempt 2/3): 404 Not Found for url: https://ncatlab.org/nlab/show/stone_duality
2025-06-09 13:30:36,985 - mathlogic.data.sources.nlab_source - WARNING - Request failed (attempt 1/3): 404 Not Found for url: https://ncatlab.org/nlab/show/stone+duality
2025-06-09 13:30:38,035 - mathlogic.data.sources.nlab_source - WARNING - Request failed (attempt 2/3): 404 Not Found for url: https://ncatlab.org/nlab/show/stone+duality
2025-06-09 13:30:40,157 - mathlogic.data.sources.nlab_source - WARNING - Request failed (attempt 1/3): 404 Not Found for url: https://ncatlab.org/nlab/show/stone duality
2025-06-09 13:30:41,204 - mathlogic.data.sources.nlab_source - WARNING - Request failed (attempt 2/3): 404 Not Found for url: https://ncatlab.org/nlab/show/stone duality
2025-06-09 13:30:43,316 - mathlogic.data.sources.nlab_source - WARNING - Request failed (attempt 1/3): 404 Not Found for url: https://ncatlab.org/nlab/show/stone duality
2025-06-09 13:30:44,374 - mathlogic.data.sources.nlab_source - WARNING - Request failed (attempt 2/3): 404 Not Found for url: https://ncatlab.org/nlab/show/stone duality
2025-06-09 13:30:46,501 - mathlogic.data.sources.nlab_source - WARNING - Request failed (attempt 1/3): 404 Not Found for url: https://ncatlab.org/nlab/show/stone%20duality
2025-06-09 13:30:47,553 - mathlogic.data.sources.nlab_source - WARNING - Request failed (attempt 2/3): 404 Not Found for url: https://ncatlab.org/nlab/show/stone%20duality
2025-06-09 13:30:49,673 - mathlogic.data.sources.nlab_source - WARNING - Request failed (attempt 1/3): 404 Not Found for url: https://ncatlab.org/nlab/show/stone-duality
2025-06-09 13:30:50,726 - mathlogic.data.sources.nlab_source - WARNING - Request failed (attempt 2/3): 404 Not Found for url: https://ncatlab.org/nlab/show/stone-duality
2025-06-09 13:30:52,844 - mathlogic.data.sources.nlab_source - WARNING - Request failed (attempt 1/3): 404 Not Found for url: https://ncatlab.org/nlab/show/stone-duality
2025-06-09 13:30:53,895 - mathlogic.data.sources.nlab_source - WARNING - Request failed (attempt 2/3): 404 Not Found for url: https://ncatlab.org/nlab/show/stone-duality
2025-06-09 13:30:56,018 - mathlogic.data.sources.nlab_source - WARNING - Request failed (attempt 1/3): 500 Server Error: Internal Server Error for url: https://ncatlab.org/nlab/page/stone+duality
2025-06-09 13:30:57,071 - mathlogic.data.sources.nlab_source - WARNING - Request failed (attempt 2/3): 500 Server Error: Internal Server Error for url: https://ncatlab.org/nlab/page/stone+duality
2025-06-09 13:30:59,139 - mathlogic.data.sources.nlab_source - ERROR - Request failed after 3 attempts: 500 Server Error: Internal Server Error for url: https://ncatlab.org/nlab/page/stone+duality
2025-06-09 13:30:59,139 - mathlogic.data.sources.nlab_source - ERROR - Error processing theorem stone duality: 500 Server Error: Internal Server Error for url: https://ncatlab.org/nlab/page/stone+duality
2025-06-09 13:30:59,480 - __main__ - INFO - ✓ Successfully scraped: theorems
2025-06-09 13:31:02,621 - __main__ - INFO - ✓ Successfully scraped: theorem
2025-06-09 13:31:12,066 - mathlogic.data.sources.nlab_source - WARNING - Request failed (attempt 1/3): 404 Not Found for url: https://ncatlab.org/nlab/show/stone+duality
2025-06-09 13:31:13,112 - mathlogic.data.sources.nlab_source - WARNING - Request failed (attempt 2/3): 404 Not Found for url: https://ncatlab.org/nlab/show/stone+duality
2025-06-09 13:31:15,226 - mathlogic.data.sources.nlab_source - WARNING - Request failed (attempt 1/3): 404 Not Found for url: https://ncatlab.org/nlab/show/stone+duality
2025-06-09 13:31:16,292 - mathlogic.data.sources.nlab_source - WARNING - Request failed (attempt 2/3): 404 Not Found for url: https://ncatlab.org/nlab/show/stone+duality
2025-06-09 13:31:18,403 - mathlogic.data.sources.nlab_source - WARNING - Request failed (attempt 1/3): 404 Not Found for url: https://ncatlab.org/nlab/show/stone_duality
2025-06-09 13:31:19,454 - mathlogic.data.sources.nlab_source - WARNING - Request failed (attempt 2/3): 404 Not Found for url: https://ncatlab.org/nlab/show/stone_duality
2025-06-09 13:31:21,578 - mathlogic.data.sources.nlab_source - WARNING - Request failed (attempt 1/3): 404 Not Found for url: https://ncatlab.org/nlab/show/stone_duality
2025-06-09 13:31:22,629 - mathlogic.data.sources.nlab_source - WARNING - Request failed (attempt 2/3): 404 Not Found for url: https://ncatlab.org/nlab/show/stone_duality
2025-06-09 13:31:24,752 - mathlogic.data.sources.nlab_source - WARNING - Request failed (attempt 1/3): 404 Not Found for url: https://ncatlab.org/nlab/show/stone+duality
2025-06-09 13:31:25,803 - mathlogic.data.sources.nlab_source - WARNING - Request failed (attempt 2/3): 404 Not Found for url: https://ncatlab.org/nlab/show/stone+duality
2025-06-09 13:31:27,917 - mathlogic.data.sources.nlab_source - WARNING - Request failed (attempt 1/3): 404 Not Found for url: https://ncatlab.org/nlab/show/stone duality
2025-06-09 13:31:28,966 - mathlogic.data.sources.nlab_source - WARNING - Request failed (attempt 2/3): 404 Not Found for url: https://ncatlab.org/nlab/show/stone duality
2025-06-09 13:31:31,084 - mathlogic.data.sources.nlab_source - WARNING - Request failed (attempt 1/3): 404 Not Found for url: https://ncatlab.org/nlab/show/stone duality
2025-06-09 13:31:32,134 - mathlogic.data.sources.nlab_source - WARNING - Request failed (attempt 2/3): 404 Not Found for url: https://ncatlab.org/nlab/show/stone duality
2025-06-09 13:31:34,251 - mathlogic.data.sources.nlab_source - WARNING - Request failed (attempt 1/3): 404 Not Found for url: https://ncatlab.org/nlab/show/stone%20duality
2025-06-09 13:31:35,305 - mathlogic.data.sources.nlab_source - WARNING - Request failed (attempt 2/3): 404 Not Found for url: https://ncatlab.org/nlab/show/stone%20duality
2025-06-09 13:31:37,415 - mathlogic.data.sources.nlab_source - WARNING - Request failed (attempt 1/3): 404 Not Found for url: https://ncatlab.org/nlab/show/stone-duality
2025-06-09 13:31:38,461 - mathlogic.data.sources.nlab_source - WARNING - Request failed (attempt 2/3): 404 Not Found for url: https://ncatlab.org/nlab/show/stone-duality
2025-06-09 13:31:40,580 - mathlogic.data.sources.nlab_source - WARNING - Request failed (attempt 1/3): 404 Not Found for url: https://ncatlab.org/nlab/show/stone-duality
2025-06-09 13:31:41,636 - mathlogic.data.sources.nlab_source - WARNING - Request failed (attempt 2/3): 404 Not Found for url: https://ncatlab.org/nlab/show/stone-duality
2025-06-09 13:31:43,758 - mathlogic.data.sources.nlab_source - WARNING - Request failed (attempt 1/3): 500 Server Error: Internal Server Error for url: https://ncatlab.org/nlab/page/stone+duality
2025-06-09 13:31:44,818 - mathlogic.data.sources.nlab_source - WARNING - Request failed (attempt 2/3): 500 Server Error: Internal Server Error for url: https://ncatlab.org/nlab/page/stone+duality
2025-06-09 13:31:46,888 - mathlogic.data.sources.nlab_source - ERROR - Request failed after 3 attempts: 500 Server Error: Internal Server Error for url: https://ncatlab.org/nlab/page/stone+duality
2025-06-09 13:31:46,889 - mathlogic.data.sources.nlab_source - ERROR - Error processing theorem stone duality: 500 Server Error: Internal Server Error for url: https://ncatlab.org/nlab/page/stone+duality
2025-06-09 13:31:52,256 - __main__ - INFO - ✓ Found 4 theorems from categories
2025-06-09 13:31:52,257 - __main__ - INFO - Processing source: proofwiki
2025-06-09 13:31:52,257 - __main__ - INFO - Items to process: 3
2025-06-09 13:31:52,257 - __main__ - INFO - Categories to process: 0
2025-06-09 13:31:59,133 - __main__ - INFO - Results saved to: entailment_output/scraped_data\improved_scraping_results_20250609_133159.json
