2025-06-08 20:35:50,988 - __main__ - INFO - ✓ Successfully scraped: Pythagorean Theorem
2025-06-08 20:35:52,630 - __main__ - INFO - ✓ Successfully scraped: Fundamental Theorem of Arithmetic
2025-06-08 20:35:54,856 - __main__ - INFO - ✓ Successfully scraped: Fundamental Theorem of Algebra
2025-06-08 20:35:56,821 - __main__ - INFO - ✓ Successfully scraped: Fundamental Theorem of Calculus
2025-06-08 20:36:01,274 - __main__ - INFO - ✓ Successfully scraped: Chinese Remainder Theorem
2025-06-08 20:36:07,076 - __main__ - INFO - ✓ Successfully scraped: Binomial Theorem
2025-06-08 20:36:08,948 - __main__ - INFO - ✓ Successfully scraped: Quadratic Formula
2025-06-08 20:36:10,383 - __main__ - INFO - ✓ Successfully scraped: First Isomorphism Theorem
2025-06-08 20:36:16,006 - __main__ - INFO - ✓ Successfully scraped: Mean Value Theorem
2025-06-08 20:36:17,169 - __main__ - INFO - ✓ Successfully scraped: Intermediate Value Theorem
2025-06-08 20:36:17,916 - __main__ - INFO - ✓ Successfully scraped: Extreme Value Theorem
2025-06-08 20:36:33,082 - __main__ - INFO - ✓ Successfully scraped: Law of Cosines
2025-06-08 20:36:34,611 - __main__ - INFO - ✓ Successfully scraped: Law of Sines
2025-06-08 20:36:43,226 - __main__ - INFO - ✓ Successfully scraped: Compactness Theorem
2025-06-08 20:36:45,251 - __main__ - INFO - ✓ Successfully scraped: Completeness Theorem
2025-06-08 20:37:04,425 - __main__ - INFO - ✓ Successfully scraped: Sylow Theorems
2025-06-08 20:37:09,932 - __main__ - INFO - ✓ Successfully scraped: Fundamental Theorem of Galois Theory
2025-06-08 20:37:14,531 - __main__ - INFO - ✓ Successfully scraped: Fundamental Theorem of Finite Abelian Groups
2025-06-08 20:37:18,843 - __main__ - INFO - ✓ Successfully scraped: Residue Theorem
2025-06-08 20:37:20,963 - __main__ - INFO - ✓ Successfully scraped: Maximum Modulus Principle
2025-06-08 20:37:21,722 - __main__ - INFO - ✓ Successfully scraped: Open Mapping Theorem
2025-06-08 20:37:22,911 - __main__ - INFO - ✓ Successfully scraped: Closed Graph Theorem
2025-06-08 20:37:24,138 - __main__ - INFO - ✓ Successfully scraped: Uniform Boundedness Principle
2025-06-08 20:37:43,135 - __main__ - INFO - ✓ Successfully scraped: Baire Category Theorem
2025-06-08 20:40:22,765 - __main__ - INFO - ✓ Successfully scraped: Category:Lemmata
2025-06-08 20:40:28,479 - __main__ - INFO - ✓ Successfully scraped: Category:Bertrand-Chebyshev Theorem
2025-06-08 20:40:30,393 - __main__ - INFO - ✓ Successfully scraped: Category:Chinese Remainder Theorem
2025-06-08 20:40:31,535 - __main__ - INFO - ✓ Successfully scraped: Category:Division Theorem
2025-06-08 20:40:33,799 - __main__ - INFO - ✓ Successfully scraped: Category:Euler%27s Theorem (Number Theory)
2025-06-08 20:40:35,817 - __main__ - INFO - ✓ Successfully scraped: Category:Fermat%27s Last Theorem
2025-06-08 20:40:37,664 - __main__ - INFO - ✓ Successfully scraped: Category:Fermat%27s Little Theorem
2025-06-08 20:40:39,424 - __main__ - INFO - ✓ Successfully scraped: Category:Hilbert-Waring Theorem
2025-06-08 20:40:41,119 - __main__ - INFO - ✓ Successfully scraped: Category:Lagrange%27s Theorem (Number Theory)
2025-06-08 20:40:42,458 - __main__ - INFO - ✓ Successfully scraped: Category:Liouville%27s Theorem (Number Theory)
2025-06-08 20:40:45,014 - __main__ - INFO - ✓ Successfully scraped: Anning%27s Theorem
2025-06-08 20:40:46,454 - __main__ - INFO - ✓ Successfully scraped: Bertrand-Chebyshev Theorem
2025-06-08 20:40:51,826 - __main__ - INFO - ✓ Successfully scraped: Chen%27s Theorem
2025-06-08 20:40:53,512 - __main__ - INFO - ✓ Successfully scraped: Chinese Remainder Theorem
2025-06-08 20:40:55,212 - __main__ - INFO - ✓ Successfully scraped: Eisenstein%27s Lemma
2025-06-08 20:40:56,129 - __main__ - INFO - ✓ Successfully scraped: Euler%27s Pentagonal Numbers Theorem
2025-06-08 20:40:58,133 - __main__ - INFO - ✓ Successfully scraped: Euler%27s Theorem (Number Theory)
2025-06-08 20:40:59,683 - __main__ - INFO - ✓ Successfully scraped: Fermat%27s Last Theorem
2025-06-08 20:41:01,648 - __main__ - INFO - ✓ Successfully scraped: Fermat%27s Little Theorem
2025-06-08 20:41:03,796 - __main__ - INFO - ✓ Successfully scraped: Fermat%27s Right Triangle Theorem
2025-06-08 20:41:05,280 - __main__ - INFO - ✓ Successfully scraped: Hasse-Minkowski Theorem
2025-06-08 20:41:07,098 - __main__ - INFO - ✓ Successfully scraped: Hensel%27s Lemma
2025-06-08 20:41:09,308 - __main__ - INFO - ✓ Successfully scraped: Hilbert-Waring Theorem
2025-06-08 20:41:14,096 - __main__ - INFO - ✓ Successfully scraped: Hurwitz%27s Theorem (Number Theory)
2025-06-08 20:41:15,219 - __main__ - INFO - ✓ Successfully scraped: Lagrange%27s Theorem (Number Theory)
2025-06-08 20:41:16,466 - __main__ - INFO - ✓ Successfully scraped: Lifting The Exponent Lemma
2025-06-08 20:41:18,566 - __main__ - INFO - ✓ Successfully scraped: Liouville%27s Theorem (Number Theory)
2025-06-08 20:41:23,765 - __main__ - INFO - ✓ Successfully scraped: Lucas%27 Theorem
2025-06-08 20:41:29,379 - __main__ - INFO - ✓ Successfully scraped: Mih%C4%83ilescu%27s Theorem
2025-06-08 20:41:30,424 - __main__ - INFO - ✓ Successfully scraped: Mills%27 Theorem
2025-06-08 20:41:31,370 - __main__ - INFO - ✓ Successfully scraped: Minkowski%27s Theorem
2025-06-08 20:41:32,645 - __main__ - INFO - ✓ Successfully scraped: Ramar%C3%A9%27s Theorem
2025-06-08 20:41:33,996 - __main__ - INFO - ✓ Successfully scraped: Richert%27s Theorem
2025-06-08 20:41:39,046 - __main__ - INFO - ✓ Successfully scraped: Tamref%27s Last Theorem
2025-06-08 20:41:39,918 - __main__ - INFO - ✓ Successfully scraped: Theorem of Even Perfect Numbers
2025-06-08 20:41:41,694 - __main__ - INFO - ✓ Successfully scraped: Vinogradov%27s Theorem
2025-06-08 20:41:50,343 - __main__ - INFO - ✓ Successfully scraped: Zsigmondy%27s Theorem
2025-06-08 20:41:51,409 - __main__ - INFO - ✓ Successfully scraped: Zsigmondy%27s Theorem for Sums
2025-06-08 20:42:29,374 - __main__ - INFO - ✓ Successfully scraped: Estimation Lemma for Contour Integrals
2025-06-08 20:42:52,667 - __main__ - INFO - ✓ Successfully scraped: Category:Theorem of Even Perfect Numbers
2025-06-08 20:43:48,853 - __main__ - INFO - ✓ Successfully scraped: Category:Sch%C3%B6nemann-Eisenstein Theorem
2025-06-08 20:43:51,103 - __main__ - INFO - ✓ Successfully scraped: Sch%C3%B6nemann-Eisenstein Theorem
2025-06-08 20:43:52,167 - __main__ - INFO - ✓ Successfully scraped: Unique Factorization Theorem for Gaussian Integers
2025-06-08 20:43:57,837 - __main__ - INFO - ✓ Successfully scraped: Category:Cayley-Hamilton Theorem
2025-06-08 20:43:58,953 - __main__ - INFO - ✓ Successfully scraped: Category:Chinese Remainder Theorem (Commutative Algebra)
2025-06-08 20:43:59,698 - __main__ - INFO - ✓ Successfully scraped: Cayley-Hamilton Theorem
2025-06-08 20:44:04,299 - __main__ - INFO - ✓ Successfully scraped: Chinese Remainder Theorem (Commutative Algebra)
2025-06-08 20:44:09,412 - __main__ - INFO - ✓ Successfully scraped: Hilbert%27s Basis Theorem
2025-06-08 20:44:10,833 - __main__ - INFO - ✓ Successfully scraped: Hilbert%27s Basis Theorem for Finitely Generated Algebras
2025-06-08 20:44:16,135 - __main__ - INFO - ✓ Successfully scraped: Nakayama%27s Lemma
2025-06-08 20:44:30,946 - __main__ - INFO - ✓ Successfully scraped: Noether Normalization Lemma
2025-06-08 20:44:32,099 - __main__ - INFO - ✓ Successfully scraped: Zariski%27s Lemma
2025-06-08 20:44:37,262 - __main__ - INFO - ✓ Successfully scraped: Dirichlet Series Absolute Convergence Lemma
2025-06-08 20:44:38,018 - __main__ - INFO - ✓ Successfully scraped: Dirichlet Series Convergence Lemma
2025-06-08 20:44:42,593 - __main__ - INFO - ✓ Successfully scraped: Ingham%27s Theorem on Convergent Dirichlet Series
2025-06-08 20:44:47,308 - __main__ - INFO - ✓ Successfully scraped: Category:Fundamental Theorem of Arithmetic
2025-06-08 20:44:48,676 - __main__ - INFO - ✓ Successfully scraped: Fundamental Theorem of Arithmetic
2025-06-08 20:44:50,197 - __main__ - INFO - ✓ Successfully scraped: Gauss%27s Lemma on Unique Factorization Domains
2025-06-08 20:45:34,557 - __main__ - INFO - ✓ Successfully scraped: Category:Dirichlet%27s Theorem on Arithmetic Sequences
2025-06-08 20:45:36,107 - __main__ - INFO - ✓ Successfully scraped: Category:Euler%27s Integral Theorem
2025-06-08 20:45:37,814 - __main__ - INFO - ✓ Successfully scraped: Category:Vinogradov%27s Theorem
2025-06-08 20:45:39,763 - __main__ - INFO - ✓ Successfully scraped: Dirichlet%27s Theorem on Arithmetic Sequences
2025-06-08 20:45:41,186 - __main__ - INFO - ✓ Successfully scraped: Euler%27s Integral Theorem
2025-06-08 20:45:42,799 - __main__ - INFO - ✓ Successfully scraped: Prime Number Theorem
2025-06-08 20:45:44,727 - __main__ - INFO - ✓ Successfully scraped: Prime Number Theorem in Eulerian Logarithmic Integral Form
2025-06-08 20:45:51,477 - __main__ - INFO - ✓ Successfully scraped: Jadhav Theorem
2025-06-08 20:47:08,678 - __main__ - INFO - ✓ Successfully scraped: Critical Line Theorem
2025-06-08 20:48:15,268 - __main__ - INFO - ✓ Successfully scraped: Five Cube Theorem
2025-06-08 20:48:59,051 - __main__ - INFO - ✓ Successfully scraped: Basis Representation Theorem
2025-06-08 20:49:00,571 - __main__ - INFO - ✓ Successfully scraped: Kummer%27s Theorem
2025-06-08 20:50:20,503 - __main__ - INFO - ✓ Successfully scraped: Beatty%27s Theorem
2025-06-08 20:50:28,792 - __main__ - INFO - ✓ Successfully scraped: Rayleigh Theorem
2025-06-08 20:51:32,749 - __main__ - INFO - ✓ Successfully scraped: Category:Binomial Theorem
2025-06-08 20:51:34,932 - __main__ - INFO - ✓ Successfully scraped: Category:Multinomial Theorem
2025-06-08 20:51:35,965 - __main__ - INFO - ✓ Successfully scraped: Category:Wolstenholme%27s Theorem
2025-06-08 20:51:37,198 - __main__ - INFO - ✓ Successfully scraped: Binomial Theorem
2025-06-08 20:51:42,932 - __main__ - INFO - ✓ Successfully scraped: General Binomial Theorem
2025-06-08 20:51:44,597 - __main__ - INFO - ✓ Successfully scraped: Multinomial Theorem
2025-06-08 20:51:50,015 - __main__ - INFO - ✓ Successfully scraped: Wolstenholme%27s Theorem
2025-06-08 20:52:16,679 - __main__ - INFO - ✓ Successfully scraped: Vandermonde%27s Theorem
2025-06-08 20:52:42,112 - __main__ - INFO - ✓ Successfully scraped: Gaussian Binomial Theorem
2025-06-08 20:54:56,235 - __main__ - INFO - ✓ Successfully scraped: Korselt%27s Theorem
2025-06-08 20:55:21,851 - __main__ - INFO - ✓ Successfully scraped: McEliece%27s Theorem (Integer Functions)
2025-06-08 20:56:07,707 - __main__ - INFO - ✓ Successfully scraped: Category:Hall%27s Marriage Theorem
2025-06-08 20:56:08,616 - __main__ - INFO - ✓ Successfully scraped: Hall%27s Marriage Theorem
2025-06-08 20:56:09,867 - __main__ - INFO - ✓ Successfully scraped: Hall%27s Theorem (Combinatorics)
2025-06-08 20:56:10,637 - __main__ - INFO - ✓ Successfully scraped: Schur%27s Theorem (Ramsey Theory)
2025-06-08 20:56:57,071 - __main__ - INFO - ✓ Successfully scraped: Cayley%27s Theorem for Trees
2025-06-08 20:59:35,947 - __main__ - INFO - ✓ Successfully scraped: Friendship Theorem
2025-06-08 20:59:36,861 - __main__ - INFO - ✓ Successfully scraped: Infinite Ramsey%27s Theorem
2025-06-08 20:59:38,186 - __main__ - INFO - ✓ Successfully scraped: Infinite Ramsey%27s Theorem implies Finite Ramsey%27s Theorem
2025-06-08 20:59:40,011 - __main__ - INFO - ✓ Successfully scraped: Ramsey%27s Theorem
2025-06-08 21:01:24,732 - __main__ - INFO - ✓ Successfully scraped: Category:Euclid%27s Lemma
2025-06-08 21:01:27,020 - __main__ - INFO - ✓ Successfully scraped: Euclid%27s Lemma
2025-06-08 21:01:29,079 - __main__ - INFO - ✓ Successfully scraped: Goldbach%27s Theorem
2025-06-08 21:02:42,859 - __main__ - INFO - ✓ Successfully scraped: Dirichlet%27s Approximation Theorem
2025-06-08 21:02:43,574 - __main__ - INFO - ✓ Successfully scraped: Roth%27s Theorem on Diophantine Approximation to Algebraic Numbers
2025-06-08 21:03:32,916 - __main__ - INFO - ✓ Successfully scraped: Division Theorem
2025-06-08 21:04:46,654 - __main__ - INFO - ✓ Successfully scraped: Carmichael%27s Theorem
2025-06-08 21:05:47,508 - __main__ - INFO - ✓ Successfully scraped: Category:Lam%C3%A9%27s Theorem
2025-06-08 21:05:48,395 - __main__ - INFO - ✓ Successfully scraped: Lam%C3%A9%27s Theorem
2025-06-08 21:07:24,058 - __main__ - INFO - ✓ Successfully scraped: Schatunowsky%27s Theorem
2025-06-08 21:08:22,596 - __main__ - INFO - ✓ Successfully scraped: Category:Wilson%27s Theorem
2025-06-08 21:08:31,063 - __main__ - INFO - ✓ Successfully scraped: Legendre%27s Theorem
2025-06-08 21:08:35,973 - __main__ - INFO - ✓ Successfully scraped: Wilson%27s Theorem
2025-06-08 21:09:16,163 - __main__ - INFO - ✓ Successfully scraped: Category:Dixon%27s Hypergeometric Theorem
2025-06-08 21:09:17,623 - __main__ - INFO - ✓ Successfully scraped: Category:Dougall%27s Hypergeometric Theorem
2025-06-08 21:09:19,411 - __main__ - INFO - ✓ Successfully scraped: Category:Gauss%27s Hypergeometric Theorem
2025-06-08 21:09:20,708 - __main__ - INFO - ✓ Successfully scraped: Category:Kummer%27s Hypergeometric Theorem
2025-06-08 21:09:21,948 - __main__ - INFO - ✓ Successfully scraped: Category:Pfaff-Saalsch%C3%BCtz Theorem
2025-06-08 21:09:23,752 - __main__ - INFO - ✓ Successfully scraped: Category:Watson%27s Hypergeometric Theorem
2025-06-08 21:09:25,265 - __main__ - INFO - ✓ Successfully scraped: Bohr-Mollerup Theorem
2025-06-08 21:09:26,762 - __main__ - INFO - ✓ Successfully scraped: Dixon%27s Hypergeometric Theorem
2025-06-08 21:09:28,628 - __main__ - INFO - ✓ Successfully scraped: Dougall%27s Hypergeometric Theorem
2025-06-08 21:09:50,398 - __main__ - INFO - ✓ Successfully scraped: Gauss%27s Hypergeometric Theorem
2025-06-08 21:09:51,918 - __main__ - INFO - ✓ Successfully scraped: Kummer%27s Hypergeometric Theorem
2025-06-08 21:11:29,469 - __main__ - INFO - ✓ Successfully scraped: Converse of Fermat%27s Little Theorem does not hold
2025-06-08 21:13:24,866 - __main__ - INFO - ✓ Successfully scraped: Zeckendorf%27s Theorem
2025-06-08 21:13:42,404 - __main__ - INFO - ✓ Successfully scraped: 5
2025-06-08 21:14:26,664 - __main__ - INFO - ✓ Successfully scraped: 7
2025-06-08 21:14:45,207 - __main__ - INFO - ✓ Successfully scraped: 6
2025-06-08 21:15:54,063 - __main__ - INFO - ✓ Successfully scraped: Category:Pick%27s Theorem
2025-06-08 21:15:55,580 - __main__ - INFO - ✓ Successfully scraped: Pick%27s Theorem
2025-06-08 21:17:41,438 - __main__ - INFO - ✓ Successfully scraped: Cauchy%27s Lemma (Number Theory)
2025-06-08 21:19:08,355 - __main__ - INFO - ✓ Successfully scraped: Gauss%27s Lemma (Number Theory)
2025-06-08 21:24:45,185 - __main__ - INFO - ✓ Successfully scraped: Hensel%27s Lifting Lemma
2025-06-08 21:24:46,562 - __main__ - INFO - ✓ Successfully scraped: Ostrowski%27s Theorem
2025-06-08 21:29:03,946 - __main__ - INFO - ✓ Successfully scraped: Category:B%C3%A9zout%27s Theorem
2025-06-08 21:29:05,074 - __main__ - INFO - ✓ Successfully scraped: Category:Fundamental Theorem of Algebra
2025-06-08 21:29:06,475 - __main__ - INFO - ✓ Successfully scraped: Category:Little B%C3%A9zout Theorem
2025-06-08 21:29:08,155 - __main__ - INFO - ✓ Successfully scraped: Category:Polynomial Factor Theorem
2025-06-08 21:29:09,328 - __main__ - INFO - ✓ Successfully scraped: Abel-Ruffini Theorem
2025-06-08 21:29:11,016 - __main__ - INFO - ✓ Successfully scraped: B%C3%A9zout%27s Theorem
2025-06-08 21:29:12,158 - __main__ - INFO - ✓ Successfully scraped: Division Theorem for Polynomial Forms over Field
2025-06-08 21:29:14,034 - __main__ - INFO - ✓ Successfully scraped: Fundamental Theorem of Algebra
2025-06-08 21:29:15,932 - __main__ - INFO - ✓ Successfully scraped: Gauss%27s Lemma (Polynomial Theory)
2025-06-08 21:29:17,015 - __main__ - INFO - ✓ Successfully scraped: Gauss%27s Lemma on Primitive Polynomials over Ring
2025-06-08 21:29:18,936 - __main__ - INFO - ✓ Successfully scraped: Gauss%27s Lemma on Primitive Rational Polynomials
2025-06-08 21:29:20,561 - __main__ - INFO - ✓ Successfully scraped: Little B%C3%A9zout Theorem
2025-06-08 21:29:22,638 - __main__ - INFO - ✓ Successfully scraped: Polynomial Factor Theorem
2025-06-08 21:29:27,891 - __main__ - INFO - ✓ Successfully scraped: Primary Decomposition Theorem
2025-06-08 21:29:29,958 - __main__ - INFO - ✓ Successfully scraped: Symmetric Function Theorem
2025-06-08 21:29:31,272 - __main__ - INFO - ✓ Successfully scraped: Boubaker%27s Theorem
2025-06-08 21:30:30,995 - __main__ - INFO - ✓ Successfully scraped: Fundamental Theorem of Symmetric Polynomials
2025-06-08 21:32:02,821 - __main__ - INFO - ✓ Successfully scraped: Rational Root Theorem
2025-06-08 21:32:19,195 - __main__ - INFO - ✓ Successfully scraped: Gilmer-Parker Theorem
2025-06-08 21:34:15,437 - __main__ - INFO - ✓ Successfully scraped: Category:Euclid%27s Lemma for Prime Divisors
2025-06-08 21:34:16,757 - __main__ - INFO - ✓ Successfully scraped: Euclid%27s Lemma for Prime Divisors
2025-06-08 21:34:18,650 - __main__ - INFO - ✓ Successfully scraped: Euclid%27s Theorem
2025-06-08 21:34:23,854 - __main__ - INFO - ✓ Successfully scraped: Fermat%27s Two Squares Theorem
2025-06-08 21:34:25,214 - __main__ - INFO - ✓ Successfully scraped: Zeta Equivalence to Prime Number Theorem
2025-06-08 21:36:42,403 - __main__ - INFO - ✓ Successfully scraped: Brun%27s Theorem
2025-06-08 21:37:37,888 - __main__ - INFO - ✓ Successfully scraped: Fundamental Theorem of Finite Abelian Groups
2025-06-08 21:37:43,379 - __main__ - INFO - ✓ Successfully scraped: Odd Number Theorem
2025-06-08 21:38:27,199 - __main__ - INFO - ✓ Successfully scraped: Category:Frobenius%27s Theorem
2025-06-08 21:38:29,600 - __main__ - INFO - ✓ Successfully scraped: Category:Representation Theorems
2025-06-08 21:38:31,691 - __main__ - INFO - ✓ Successfully scraped: Factor Theorem
2025-06-08 21:38:33,635 - __main__ - INFO - ✓ Successfully scraped: Frobenius%27s Theorem
2025-06-08 21:38:34,801 - __main__ - INFO - ✓ Successfully scraped: General Distributivity Theorem
2025-06-08 21:38:36,607 - __main__ - INFO - ✓ Successfully scraped: Quotient Theorem
2025-06-08 21:39:44,545 - __main__ - INFO - ✓ Successfully scraped: Category:Faltings%27 Theorem
2025-06-08 21:39:46,700 - __main__ - INFO - ✓ Successfully scraped: Category:Riemann-Roch Theorem
2025-06-08 21:39:48,721 - __main__ - INFO - ✓ Successfully scraped: Faltings%27 Theorem
2025-06-08 21:39:50,060 - __main__ - INFO - ✓ Successfully scraped: Lasker-Noether Theorem
2025-06-08 21:39:52,237 - __main__ - INFO - ✓ Successfully scraped: Mordell%27s Theorem
2025-06-08 21:39:53,825 - __main__ - INFO - ✓ Successfully scraped: Riemann-Roch Theorem
2025-06-08 21:40:52,117 - __main__ - INFO - ✓ Successfully scraped: Category:Wedderburn%27s Theorem
2025-06-08 21:40:53,936 - __main__ - INFO - ✓ Successfully scraped: Wedderburn%27s Theorem
2025-06-08 21:41:05,870 - __main__ - INFO - ✓ Successfully scraped: Category:Cauchy%27s Lemma (Group Theory)
2025-06-08 21:41:06,852 - __main__ - INFO - ✓ Successfully scraped: Category:Cayley%27s Representation Theorem
2025-06-08 21:41:08,280 - __main__ - INFO - ✓ Successfully scraped: Cauchy%27s Lemma (Group Theory)
2025-06-08 21:41:09,688 - __main__ - INFO - ✓ Successfully scraped: Cayley%27s Representation Theorem
2025-06-08 21:41:14,064 - __main__ - INFO - ✓ Successfully scraped: Feit-Thompson Theorem
2025-06-08 21:41:16,013 - __main__ - INFO - ✓ Successfully scraped: Schur-Zassenhaus Theorem
2025-06-08 21:41:24,618 - __main__ - INFO - ✓ Successfully scraped: Quotient Theorem for Monomorphisms
2025-06-08 21:41:52,986 - __main__ - INFO - ✓ Successfully scraped: Correspondence Theorem for Ring Epimorphisms
2025-06-08 21:41:57,914 - __main__ - INFO - ✓ Successfully scraped: Extension Theorem for Distributive Operations
2025-06-08 21:41:59,487 - __main__ - INFO - ✓ Successfully scraped: Extension Theorem for Homomorphisms
2025-06-08 21:42:00,933 - __main__ - INFO - ✓ Successfully scraped: Extension Theorem for Isomorphisms
2025-06-08 21:42:02,974 - __main__ - INFO - ✓ Successfully scraped: Extension Theorem for Total Orderings
2025-06-08 21:42:04,338 - __main__ - INFO - ✓ Successfully scraped: Inverse Completion Theorem
2025-06-08 21:42:22,752 - __main__ - INFO - ✓ Successfully scraped: Category:Brouwer%27s Fixed Point Theorem
2025-06-08 21:42:24,196 - __main__ - INFO - ✓ Successfully scraped: Borsuk-Ulam Theorem
2025-06-08 21:42:25,666 - __main__ - INFO - ✓ Successfully scraped: Brouwer%27s Fixed Point Theorem
2025-06-08 21:42:26,449 - __main__ - INFO - ✓ Successfully scraped: Retraction Theorem
2025-06-08 21:42:58,045 - __main__ - INFO - ✓ Successfully scraped: Borsuk Null-Homotopy Lemma
2025-06-08 21:43:38,875 - __main__ - INFO - ✓ Successfully scraped: Artin%27s Theorem on Alternative Algebras
2025-06-08 21:44:08,384 - __main__ - INFO - ✓ Successfully scraped: Bott-Milnor-Kervaire 1,2,4,8 Theorem
2025-06-08 21:44:48,864 - __main__ - INFO - ✓ Successfully scraped: Completion Theorem (Normed Algebra)
2025-06-08 21:44:50,480 - __main__ - INFO - ✓ Successfully scraped: Gelfand-Mazur Theorem
2025-06-08 21:45:53,834 - __main__ - INFO - ✓ Successfully scraped: Category:General Associativity Theorem
2025-06-08 21:45:55,697 - __main__ - INFO - ✓ Successfully scraped: General Associativity Theorem
2025-06-08 21:46:36,010 - __main__ - INFO - ✓ Successfully scraped: Category:Boolean Prime Ideal Theorem
2025-06-08 21:46:37,641 - __main__ - INFO - ✓ Successfully scraped: Boolean Prime Ideal Theorem
2025-06-08 21:46:39,220 - __main__ - INFO - ✓ Successfully scraped: Stone%27s Representation Theorem for Boolean Algebras
2025-06-08 21:47:31,069 - __main__ - INFO - ✓ Successfully scraped: Cayley%27s Theorem (Category Theory)
2025-06-08 21:47:31,966 - __main__ - INFO - ✓ Successfully scraped: Freyd-Mitchell Embedding Theorem
2025-06-08 21:47:33,359 - __main__ - INFO - ✓ Successfully scraped: Pullback Lemma
2025-06-08 21:47:35,288 - __main__ - INFO - ✓ Successfully scraped: Seifert-van Kampen Theorem
2025-06-08 21:47:36,561 - __main__ - INFO - ✓ Successfully scraped: Yoneda Embedding Theorem
2025-06-08 21:47:37,755 - __main__ - INFO - ✓ Successfully scraped: Yoneda Lemma
2025-06-08 21:47:39,875 - __main__ - INFO - ✓ Successfully scraped: Yoneda Lemma for Contravariant Functors
2025-06-08 21:48:43,599 - __main__ - INFO - ✓ Successfully scraped: Bijection in Yoneda Lemma for Covariant Functors
2025-06-08 21:48:45,648 - __main__ - INFO - ✓ Successfully scraped: Naturality of Yoneda Lemma for Contravariant Functors
2025-06-08 21:48:46,536 - __main__ - INFO - ✓ Successfully scraped: Naturality of Yoneda Lemma for Covariant Functors
2025-06-08 21:48:48,485 - __main__ - INFO - ✓ Successfully scraped: Yoneda Lemma for Covariant Functors
2025-06-08 21:50:34,414 - __main__ - INFO - ✓ Successfully scraped: General Commutativity Theorem
2025-06-08 21:52:50,954 - __main__ - INFO - ✓ Successfully scraped: Category:Babczy%C5%84ski Theorem
2025-06-08 21:52:52,660 - __main__ - INFO - ✓ Successfully scraped: Babczy%C5%84ski Theorem
2025-06-08 21:54:25,436 - __main__ - INFO - ✓ Successfully scraped: Fundamental Theorem of Galois Theory
2025-06-08 21:54:54,284 - __main__ - INFO - ✓ Successfully scraped: Five Lemma
2025-06-08 21:54:55,924 - __main__ - INFO - ✓ Successfully scraped: Snake Lemma
2025-06-08 21:55:10,820 - __main__ - INFO - ✓ Successfully scraped: Category:Isomorphism Theorems
2025-06-08 21:55:11,878 - __main__ - INFO - ✓ Successfully scraped: Isomorphism Theorems
2025-06-08 21:59:08,692 - __main__ - INFO - ✓ Successfully scraped: Internal Direct Product Theorem
2025-06-08 22:00:41,901 - __main__ - INFO - ✓ Successfully scraped: Category:Embedding Theorem
2025-06-08 22:00:43,382 - __main__ - INFO - ✓ Successfully scraped: Category:Transplanting Theorem
2025-06-08 22:00:45,604 - __main__ - INFO - ✓ Successfully scraped: Embedding Theorem
2025-06-08 22:00:46,840 - __main__ - INFO - ✓ Successfully scraped: Fourth Isomorphism Theorem
2025-06-08 22:00:48,359 - __main__ - INFO - ✓ Successfully scraped: Quotient Theorem for Epimorphisms
2025-06-08 22:00:50,279 - __main__ - INFO - ✓ Successfully scraped: Second Isomorphism Theorem
2025-06-08 22:00:51,636 - __main__ - INFO - ✓ Successfully scraped: Third Isomorphism Theorem
2025-06-08 22:00:53,227 - __main__ - INFO - ✓ Successfully scraped: Transplanting Theorem
2025-06-08 22:01:10,911 - __main__ - INFO - ✓ Successfully scraped: First Isomorphism Theorem for Groups
2025-06-08 22:01:16,221 - __main__ - INFO - ✓ Successfully scraped: Quotient Theorem for Group Epimorphisms
2025-06-08 22:01:20,786 - __main__ - INFO - ✓ Successfully scraped: Second Isomorphism Theorem for Groups
2025-06-08 22:01:26,322 - __main__ - INFO - ✓ Successfully scraped: Third Isomorphism Theorem for Groups
2025-06-08 22:01:34,704 - __main__ - INFO - ✓ Successfully scraped: Zassenhaus Lemma
2025-06-08 22:02:17,325 - __main__ - INFO - ✓ Successfully scraped: Category:First Ring Isomorphism Theorem
2025-06-08 22:02:19,299 - __main__ - INFO - ✓ Successfully scraped: Category:Second Ring Isomorphism Theorem
2025-06-08 22:02:20,444 - __main__ - INFO - ✓ Successfully scraped: Category:Third Ring Isomorphism Theorem
2025-06-08 22:02:25,565 - __main__ - INFO - ✓ Successfully scraped: First Ring Isomorphism Theorem
2025-06-08 22:03:09,660 - __main__ - INFO - ✓ Successfully scraped: Constructive Dilemma for Join Semilattices
2025-06-08 22:03:11,206 - __main__ - INFO - ✓ Successfully scraped: Praeclarum Theorema for Meet Semilattices
2025-06-08 22:03:31,856 - __main__ - INFO - ✓ Successfully scraped: Knaster-Tarski Lemma
2025-06-08 22:03:34,061 - __main__ - INFO - ✓ Successfully scraped: Knaster-Tarski Theorem
2025-06-08 22:09:08,828 - __main__ - INFO - ✓ Successfully scraped: Category:Fundamental Theorem of Well-Ordering
2025-06-08 22:09:10,055 - __main__ - INFO - ✓ Successfully scraped: Fundamental Theorem of Well-Ordering
2025-06-08 22:09:14,249 - __main__ - INFO - ✓ Successfully scraped: Ordered Field with Archimedean Property on which Monotone Convergence Theorem Holds has Continuum Property
2025-06-08 22:11:04,855 - __main__ - INFO - ✓ Successfully scraped: Schur%27s Lemma (Representation Theory)
2025-06-08 22:11:22,010 - __main__ - INFO - ✓ Successfully scraped: Category:Gelfand-Naimark Theorem
2025-06-08 22:11:23,884 - __main__ - INFO - ✓ Successfully scraped: Gelfand-Naimark Theorem
2025-06-08 22:12:18,512 - __main__ - INFO - ✓ Successfully scraped: Product Rule
2025-06-08 22:12:20,046 - __main__ - INFO - ✓ Successfully scraped: Quotient Rule
2025-06-08 22:12:21,112 - __main__ - INFO - ✓ Successfully scraped: Sum Rule
2025-06-08 22:12:41,923 - __main__ - INFO - ✓ Successfully scraped: Combination Theorem for Cauchy Sequences
2025-06-08 22:13:46,263 - __main__ - INFO - ✓ Successfully scraped: Category:Bolzano-Weierstrass Theorem
2025-06-08 22:13:48,045 - __main__ - INFO - ✓ Successfully scraped: Bolzano-Weierstrass Theorem
2025-06-08 22:13:53,717 - __main__ - INFO - ✓ Successfully scraped: Combination Theorem for Sequences
2025-06-08 22:13:55,123 - __main__ - INFO - ✓ Successfully scraped: Product Rule
2025-06-08 22:13:56,930 - __main__ - INFO - ✓ Successfully scraped: Monotone Convergence Theorem (Real Analysis)
2025-06-08 22:13:58,842 - __main__ - INFO - ✓ Successfully scraped: Peak Point Lemma
2025-06-08 22:13:59,800 - __main__ - INFO - ✓ Successfully scraped: Squeeze Theorem
2025-06-08 22:14:00,844 - __main__ - INFO - ✓ Successfully scraped: Squeeze Theorem for Complex Sequences
2025-06-08 22:14:16,912 - __main__ - INFO - ✓ Successfully scraped: Stolz-Ces%C3%A0ro Theorem
2025-06-08 22:15:02,057 - __main__ - INFO - ✓ Successfully scraped: Category:Fekete%27s Subadditive Lemma
2025-06-08 22:15:03,019 - __main__ - INFO - ✓ Successfully scraped: Fekete%27s Subadditive Lemma
2025-06-08 22:15:24,868 - __main__ - INFO - ✓ Successfully scraped: Nicomachus%27s Theorem
2025-06-08 22:15:44,660 - __main__ - INFO - ✓ Successfully scraped: Category:Abel%27s Limit Theorem
2025-06-08 22:15:46,317 - __main__ - INFO - ✓ Successfully scraped: Abel%27s Limit Theorem
2025-06-08 22:15:47,196 - __main__ - INFO - ✓ Successfully scraped: Riemann%27s Rearrangement Theorem
2025-06-08 22:15:48,805 - __main__ - INFO - ✓ Successfully scraped: Squeeze Theorem for Absolutely Convergent Series
2025-06-08 22:15:50,189 - __main__ - INFO - ✓ Successfully scraped: Tannery%27s Theorem
2025-06-08 22:16:42,915 - __main__ - INFO - ✓ Successfully scraped: Mittag-Leffler%27s Expansion Theorem
2025-06-08 22:17:06,208 - __main__ - INFO - ✓ Successfully scraped: Cauchy-Hadamard Theorem
2025-06-08 22:20:10,937 - __main__ - INFO - ✓ Successfully scraped: Binomial Theorem
2025-06-08 22:20:44,523 - __main__ - INFO - ✓ Successfully scraped: Category:Weierstrass%27s Theorem
2025-06-08 22:20:46,685 - __main__ - INFO - ✓ Successfully scraped: Carath%C3%A9odory%27s Theorem (Analysis)
2025-06-08 22:20:50,985 - __main__ - INFO - ✓ Successfully scraped: Continuous Inverse Theorem
2025-06-08 22:21:02,558 - __main__ - INFO - ✓ Successfully scraped: Dedekind%27s Theorem
2025-06-08 22:21:08,142 - __main__ - INFO - ✓ Successfully scraped: Dini%27s Theorem
2025-06-08 22:21:20,383 - __main__ - INFO - ✓ Successfully scraped: Implicit Function Theorem for Real Functions
2025-06-08 22:21:22,428 - __main__ - INFO - ✓ Successfully scraped: Infinite Limit Theorem
2025-06-08 22:21:23,147 - __main__ - INFO - ✓ Successfully scraped: Intermediate Value Theorem for Derivatives
2025-06-08 22:21:24,923 - __main__ - INFO - ✓ Successfully scraped: Kronecker%27s Lemma
2025-06-08 22:21:26,601 - __main__ - INFO - ✓ Successfully scraped: Lindel%C3%B6f%27s Lemma
2025-06-08 22:21:31,867 - __main__ - INFO - ✓ Successfully scraped: Moore-Osgood Theorem
2025-06-08 22:21:40,679 - __main__ - INFO - ✓ Successfully scraped: Lebesgue Differentiation Theorem
2025-06-08 22:21:42,513 - __main__ - INFO - ✓ Successfully scraped: Vitali-Carath%C3%A9odory Theorem
2025-06-08 22:21:43,345 - __main__ - INFO - ✓ Successfully scraped: Weierstrass Approximation Theorem
2025-06-08 22:21:45,092 - __main__ - INFO - ✓ Successfully scraped: Weierstrass%27s Theorem
2025-06-08 22:23:31,605 - __main__ - INFO - ✓ Successfully scraped: Push Theorem
2025-06-08 22:24:12,553 - __main__ - INFO - ✓ Successfully scraped: Category:Rolle%27s Theorem
2025-06-08 22:24:14,170 - __main__ - INFO - ✓ Successfully scraped: Category:Weierstrass Extreme Value Theorem
2025-06-08 22:24:18,996 - __main__ - INFO - ✓ Successfully scraped: Combination Theorem for Continuous Real Functions
2025-06-08 22:24:20,353 - __main__ - INFO - ✓ Successfully scraped: Extendability Theorem for Function Continuous on Open Interval
2025-06-08 22:24:21,605 - __main__ - INFO - ✓ Successfully scraped: Extended Rolle%27s Theorem
2025-06-08 22:24:22,396 - __main__ - INFO - ✓ Successfully scraped: Rolle%27s Theorem
2025-06-08 22:24:24,145 - __main__ - INFO - ✓ Successfully scraped: Weierstrass Extreme Value Theorem
2025-06-08 22:25:32,374 - __main__ - INFO - ✓ Successfully scraped: Mertens%27 Convergence Theorem
2025-06-08 22:25:34,241 - __main__ - INFO - ✓ Successfully scraped: Squeeze Theorem for Filter Bases
2025-06-08 22:26:30,636 - __main__ - INFO - ✓ Successfully scraped: Hadamard Factorization Theorem
2025-06-08 22:26:31,680 - __main__ - INFO - ✓ Successfully scraped: Weierstrass Factor Theorem
2025-06-08 22:26:33,547 - __main__ - INFO - ✓ Successfully scraped: Weierstrass Factorization Theorem
2025-06-08 22:26:34,752 - __main__ - INFO - ✓ Successfully scraped: Weierstrass Product Theorem
2025-06-08 22:26:45,620 - __main__ - INFO - ✓ Successfully scraped: Uniform Limit Theorem
