2025-06-09 12:43:38,738 - __main__ - INFO - [SUCCESS] Successfully scraped: Fermat's Last Theorem
2025-06-09 12:43:41,058 - __main__ - INFO - [SUCCESS] Successfully scraped: Four Color Theorem
2025-06-09 12:43:45,355 - __main__ - INFO - [SUCCESS] Successfully scraped: Riemann Hypothesis
2025-06-09 12:43:47,943 - __main__ - INFO - [SUCCESS] Successfully scraped: Twin Prime Conjecture
2025-06-09 12:43:50,167 - __main__ - INFO - [SUCCESS] Successfully scraped: Goldbach's Conjecture
2025-06-09 12:43:55,740 - __main__ - INFO - [SUCCESS] Successfully scraped: P versus NP problem
2025-06-09 12:44:01,989 - __main__ - INFO - [SUCCESS] Successfully scraped: Hodge Conjecture
2025-06-09 12:44:05,448 - __main__ - INFO - [SUCCESS] Successfully scraped: Riemann Zeta Function
2025-06-09 12:44:07,603 - __main__ - INFO - [SUCCESS] Successfully scraped: Continuum Hypothesis
2025-06-09 12:44:09,947 - __main__ - INFO - [SUCCESS] Successfully scraped: Euler's Identity
2025-06-09 12:44:12,382 - __main__ - INFO - [SUCCESS] Successfully scraped: Euler's Formula
2025-06-09 12:44:14,504 - __main__ - INFO - [SUCCESS] Successfully scraped: Euler's Theorem
2025-06-09 12:44:16,437 - __main__ - INFO - [SUCCESS] Successfully scraped: Euler's Totient Theorem
2025-06-09 12:44:19,302 - __main__ - INFO - [SUCCESS] Successfully scraped: Gauss-Bonnet Theorem
2025-06-09 12:44:23,276 - __main__ - INFO - [SUCCESS] Successfully scraped: Fundamental Theorem of Arithmetic
2025-06-09 12:44:25,755 - __main__ - INFO - [SUCCESS] Successfully scraped: Fundamental Theorem of Algebra
2025-06-09 12:44:47,166 - __main__ - INFO - [SUCCESS] Successfully scraped: Fermat's Last Theorem
2025-06-09 12:44:49,048 - __main__ - INFO - [SUCCESS] Successfully scraped: Four Color Theorem
2025-06-09 12:44:52,689 - __main__ - INFO - [SUCCESS] Successfully scraped: Riemann Hypothesis
2025-06-09 12:44:55,163 - __main__ - INFO - [SUCCESS] Successfully scraped: Twin Prime Conjecture
2025-06-09 12:44:57,492 - __main__ - INFO - [SUCCESS] Successfully scraped: Goldbach's Conjecture
2025-06-09 12:45:02,650 - __main__ - INFO - [SUCCESS] Successfully scraped: P versus NP problem
2025-06-09 12:45:08,307 - __main__ - INFO - [SUCCESS] Successfully scraped: Hodge Conjecture
2025-06-09 12:45:11,524 - __main__ - INFO - [SUCCESS] Successfully scraped: Riemann Zeta Function
2025-06-09 12:45:14,102 - __main__ - INFO - [SUCCESS] Successfully scraped: Continuum Hypothesis
2025-06-09 12:45:15,927 - __main__ - INFO - [SUCCESS] Successfully scraped: Euler's Identity
2025-06-09 12:45:17,851 - __main__ - INFO - [SUCCESS] Successfully scraped: Euler's Formula
2025-06-09 12:45:19,787 - __main__ - INFO - [SUCCESS] Successfully scraped: Euler's Theorem
2025-06-09 12:45:21,721 - __main__ - INFO - [SUCCESS] Successfully scraped: Euler's Totient Theorem
2025-06-09 12:45:24,190 - __main__ - INFO - [SUCCESS] Successfully scraped: Gauss-Bonnet Theorem
2025-06-09 12:45:27,753 - __main__ - INFO - [SUCCESS] Successfully scraped: Fundamental Theorem of Arithmetic
2025-06-09 12:45:30,389 - __main__ - INFO - [SUCCESS] Successfully scraped: Fundamental Theorem of Algebra
2025-06-09 12:46:27,784 - __main__ - INFO - [SUCCESS] Successfully scraped: Fermat's Last Theorem
2025-06-09 12:46:29,674 - __main__ - INFO - [SUCCESS] Successfully scraped: Four Color Theorem
2025-06-09 12:46:33,916 - __main__ - INFO - [SUCCESS] Successfully scraped: Riemann Hypothesis
2025-06-09 12:46:36,161 - __main__ - INFO - [SUCCESS] Successfully scraped: Twin Prime Conjecture
2025-06-09 12:46:38,501 - __main__ - INFO - [SUCCESS] Successfully scraped: Goldbach's Conjecture
2025-06-09 12:46:43,753 - __main__ - INFO - [SUCCESS] Successfully scraped: P versus NP problem
2025-06-09 12:46:49,214 - __main__ - INFO - [SUCCESS] Successfully scraped: Hodge Conjecture
2025-06-09 12:46:52,523 - __main__ - INFO - [SUCCESS] Successfully scraped: Riemann Zeta Function
2025-06-09 12:46:54,737 - __main__ - INFO - [SUCCESS] Successfully scraped: Continuum Hypothesis
2025-06-09 12:46:56,822 - __main__ - INFO - [SUCCESS] Successfully scraped: Euler's Identity
2025-06-09 12:46:58,939 - __main__ - INFO - [SUCCESS] Successfully scraped: Euler's Formula
2025-06-09 12:47:01,031 - __main__ - INFO - [SUCCESS] Successfully scraped: Euler's Theorem
2025-06-09 12:47:03,061 - __main__ - INFO - [SUCCESS] Successfully scraped: Euler's Totient Theorem
2025-06-09 12:47:05,374 - __main__ - INFO - [SUCCESS] Successfully scraped: Gauss-Bonnet Theorem
2025-06-09 12:47:08,859 - __main__ - INFO - [SUCCESS] Successfully scraped: Fundamental Theorem of Arithmetic
2025-06-09 12:47:11,637 - __main__ - INFO - [SUCCESS] Successfully scraped: Fundamental Theorem of Algebra
2025-06-09 12:50:09,006 - __main__ - INFO - [SUCCESS] Successfully scraped: theorems
2025-06-09 12:50:11,390 - __main__ - INFO - [SUCCESS] Successfully scraped: theorem
2025-06-09 12:54:24,577 - __main__ - INFO - [SUCCESS] Successfully scraped: theorems
2025-06-09 12:54:27,670 - __main__ - INFO - [SUCCESS] Successfully scraped: theorem
2025-06-09 12:56:01,527 - __main__ - INFO - Results saved to entailment_output/scraped_data\results_20250609_125601.json
2025-06-09 12:56:01,528 - __main__ - INFO - Total theorems collected: 52
2025-06-09 12:56:01,528 - __main__ - INFO - Total relationships found: 1532
2025-06-09 12:56:01,529 - __main__ - INFO - Scraping completed successfully
